"../../../../../../../new/market/MyProject/Content/FirstPerson/Character/Mesh/SK_Mannequin_Arms_Skeleton.uasset" 0
"../../../../../../../new/market/MyProject/Content/FirstPerson/Animations/FirstPerson_Fire.uasset" 1
"../../../../../../../new/market/MyProject/Content/FirstPerson/Animations/FirstPersonFire_Montage.uasset" 2
"../../../../../../../new/market/MyProject/Content/FirstPerson/Animations/FirstPerson_Idle.uasset" 3
"../../../../../../../new/market/MyProject/Content/FirstPerson/Animations/FirstPerson_JumpEnd.uasset" 4
"../../../../../../../new/market/MyProject/Content/FirstPerson/Animations/FirstPerson_JumpLoop.uasset" 5
"../../../../../../../new/market/MyProject/Content/FirstPerson/Animations/FirstPerson_JumpStart.uasset" 6
"../../../../../../../new/market/MyProject/Content/FirstPerson/Animations/FirstPerson_Run.uasset" 7
"../../../Engine/Content/EditorBlueprintResources/StandardMacros.uasset" 8
"../../../../../../../new/market/MyProject/Content/FirstPerson/Animations/FirstPerson_AnimBP.uasset" 9
"../../../../../../../new/market/MyProject/Content/FirstPerson/Character/Mesh/FirstPersonAnimBlueprint_Copy.uasset" 10
"../../../Engine/Content/Functions/Engine_MaterialFunctions02/Utility/BlendAngleCorrectedNormals.uasset" 11
"../../../Engine/Content/Functions/MaterialLayerFunctions/MatLayerBlend_NormalBlend.uasset" 12
"../../../Engine/Content/Functions/MaterialLayerFunctions/MatLayerBlend_Simple.uasset" 13
"../../../../../../../new/market/MyProject/Content/FirstPerson/Character/Materials/MaterialLayers/T_ML_Rubber_Blue_01_D.uasset" 14
"../../../../../../../new/market/MyProject/Content/FirstPerson/Character/Materials/MaterialLayers/T_ML_Rubber_Blue_01_N.uasset" 15
"../../../../../../../new/market/MyProject/Content/FirstPerson/Character/Materials/MaterialLayers/ML_GlossyBlack_Latex_UE4.uasset" 16
"../../../../../../../new/market/MyProject/Content/FirstPerson/Character/Materials/MaterialLayers/ML_Plastic_Shiny_Beige.uasset" 17
"../../../../../../../new/market/MyProject/Content/FirstPerson/Character/Textures/UE4_LOGO_CARD.uasset" 18
"../../../../../../../new/market/MyProject/Content/FirstPerson/Character/Materials/MaterialLayers/ML_Plastic_Shiny_Beige_LOGO.uasset" 19
"../../../../../../../new/market/MyProject/Content/FirstPerson/Character/Materials/MaterialLayers/T_ML_Aluminum01.uasset" 20
"../../../../../../../new/market/MyProject/Content/FirstPerson/Character/Materials/MaterialLayers/T_ML_Aluminum01_N.uasset" 21
"../../../../../../../new/market/MyProject/Content/FirstPerson/Character/Materials/MaterialLayers/ML_SoftMetal_UE4.uasset" 22
"../../../../../../../new/market/MyProject/Content/FirstPerson/Character/Textures/UE4_Mannequin__normals.uasset" 23
"../../../../../../../new/market/MyProject/Content/FirstPerson/Character/Textures/UE4_Mannequin_MAT_MASKA.uasset" 24
"../../../../../../../new/market/MyProject/Content/FirstPerson/Character/Materials/M_UE4Man_Body.uasset" 25
"../../../../../../../new/market/MyProject/Content/FirstPerson/Character/Mesh/SK_Mannequin_Arms_PhysicsAsset.uasset" 26
"../../../../../../../new/market/MyProject/Content/FirstPerson/Character/Mesh/SK_Mannequin_Arms.uasset" 27
"../../../../../../../new/market/MyProject/Content/FirstPerson/FPWeapon/Materials/MaterialLayers/ML_Plastic_Shiny_Beige_LOGO.uasset" 28
"../../../../../../../new/market/MyProject/Content/FirstPerson/FPWeapon/Materials/MaterialLayers/T_ML_FineRubber.uasset" 29
"../../../../../../../new/market/MyProject/Content/FirstPerson/FPWeapon/Materials/MaterialLayers/T_ML_Rubber_Blue_01_D.uasset" 30
"../../../../../../../new/market/MyProject/Content/FirstPerson/FPWeapon/Materials/MaterialLayers/T_ML_Rubber_Blue_01_N.uasset" 31
"../../../../../../../new/market/MyProject/Content/FirstPerson/FPWeapon/Materials/MaterialLayers/ML_GlossyBlack_Latex_UE4.uasset" 32
"../../../../../../../new/market/MyProject/Content/FirstPerson/FPWeapon/Materials/MaterialLayers/ML_Plastic_Shiny_Beige.uasset" 33
"../../../../../../../new/market/MyProject/Content/FirstPerson/FPWeapon/Materials/MaterialLayers/ML_Screen.uasset" 34
"../../../../../../../new/market/MyProject/Content/FirstPerson/FPWeapon/Materials/MaterialLayers/T_ML_Aluminum01.uasset" 35
"../../../../../../../new/market/MyProject/Content/FirstPerson/FPWeapon/Materials/MaterialLayers/T_ML_Aluminum01_N.uasset" 36
"../../../../../../../new/market/MyProject/Content/FirstPerson/FPWeapon/Materials/MaterialLayers/ML_SoftMetal_UE4.uasset" 37
"../../../../../../../new/market/MyProject/Content/FirstPerson/FPWeapon/Textures/T_FPGun_M.uasset" 38
"../../../../../../../new/market/MyProject/Content/FirstPerson/FPWeapon/Textures/T_FPGun_N.uasset" 39
"../../../../../../../new/market/MyProject/Content/FirstPerson/FPWeapon/Materials/M_FPGun.uasset" 40
"../../../../../../../new/market/MyProject/Content/FirstPerson/FPWeapon/Mesh/SK_FPGun_Skeleton.uasset" 41
"../../../../../../../new/market/MyProject/Content/FirstPerson/FPWeapon/Mesh/SK_FPGun.uasset" 42
"../../../../../../../new/market/MyProject/Content/FirstPerson/FPWeapon/Mesh/SK_FPGun_PhysicsAsset.uasset" 43
"../../../../../../../new/market/MyProject/Content/FirstPersonBP/FirstPersonOverview.uasset" 44
"../../../../../../../new/market/MyProject/Content/Geometry/Meshes/CubeMaterial.uasset" 45
"../../../../../../../new/market/MyProject/Content/Geometry/Meshes/1M_Cube_Chamfer.uasset" 46
"../../../../../../../new/market/MyProject/Content/Geometry/Meshes/TemplateFloor.uasset" 47
"../../../../../../../new/market/MyProject/Content/StarterContent/Materials/M_Basic_Wall.uasset" 48
"../../../../../../../new/market/MyProject/Content/StarterContent/Architecture/Pillar_50x500.uasset" 49
"../../../../../../../new/market/MyProject/Content/StarterContent/Architecture/Wall_400x300.uasset" 50
"../../../../../../../new/market/MyProject/Content/StarterContent/Architecture/Wall_400x400.uasset" 51
"../../../../../../../new/market/MyProject/Content/StarterContent/Architecture/Wall_500x500.uasset" 52
"../../../../../../../new/market/MyProject/Content/StarterContent/Architecture/Wall_Door_400x400.uasset" 53
"../../../../../../../new/market/MyProject/Content/StarterContent/Architecture/Wall_Window_400x400.uasset" 54
"../../../../../../../new/market/MyProject/Content/StarterContent/Audio/Collapse01.uasset" 55
"../../../../../../../new/market/MyProject/Content/StarterContent/Audio/Collapse02.uasset" 56
"../../../../../../../new/market/MyProject/Content/StarterContent/Audio/Explosion01.uasset" 57
"../../../../../../../new/market/MyProject/Content/StarterContent/Audio/Explosion02.uasset" 58
"../../../../../../../new/market/MyProject/Content/StarterContent/Audio/Fire01.uasset" 59
"../../../../../../../new/market/MyProject/Content/StarterContent/Audio/Fire_Sparks01.uasset" 60
"../../../../../../../new/market/MyProject/Content/StarterContent/Audio/Light01.uasset" 61
"../../../../../../../new/market/MyProject/Content/StarterContent/Audio/Light01_Cue.uasset" 62
"../../../../../../../new/market/MyProject/Content/StarterContent/Audio/Light02.uasset" 63
"../../../../../../../new/market/MyProject/Content/StarterContent/Audio/Light02_Cue.uasset" 64
"../../../../../../../new/market/MyProject/Content/StarterContent/Audio/Smoke01.uasset" 65
"../../../../../../../new/market/MyProject/Content/StarterContent/Audio/Starter_Birds01.uasset" 66
"../../../../../../../new/market/MyProject/Content/StarterContent/Audio/Starter_Music01.uasset" 67
"../../../../../../../new/market/MyProject/Content/StarterContent/Audio/Starter_Wind05.uasset" 68
"../../../../../../../new/market/MyProject/Content/StarterContent/Audio/Starter_Wind06.uasset" 69
"../../../../../../../new/market/MyProject/Content/StarterContent/Audio/Steam01.uasset" 70
"../../../../../../../new/market/MyProject/Content/StarterContent/Audio/Explosion_Cue.uasset" 71
"../../../../../../../new/market/MyProject/Content/StarterContent/Textures/T_Burst_M.uasset" 72
"../../../../../../../new/market/MyProject/Content/StarterContent/Particles/Materials/M_Burst.uasset" 73
"../../../../../../../new/market/MyProject/Content/StarterContent/Textures/T_Explosion_SubUV.uasset" 74
"../../../../../../../new/market/MyProject/Content/StarterContent/Particles/Materials/M_explosion_subUV.uasset" 75
"../../../../../../../new/market/MyProject/Content/StarterContent/Particles/Materials/m_flare_01.uasset" 76
"../../../Engine/Content/Functions/Engine_MaterialFunctions01/Gradient/RadialGradient.uasset" 77
"../../../../../../../new/market/MyProject/Content/StarterContent/Particles/Materials/M_radial_ramp.uasset" 78
"../../../../../../../new/market/MyProject/Content/StarterContent/Textures/T_Smoke_SubUV.uasset" 79
"../../../../../../../new/market/MyProject/Content/StarterContent/Textures/T_Smoke_Tiled_D.uasset" 80
"../../../../../../../new/market/MyProject/Content/StarterContent/Particles/Materials/M_smoke_subUV.uasset" 81
"../../../../../../../new/market/MyProject/Content/StarterContent/Particles/P_Explosion.uasset" 82
"../../../../../../../new/market/MyProject/Content/StarterContent/Blueprints/Blueprint_Effect_Explosion.uasset" 83
"../../../Engine/Content/EditorMeshes/ColorCalibrator/T_ColorGrid.uasset" 84
"../../../../../../../new/market/MyProject/Content/StarterContent/Materials/M_ColorGrid_LowSpec.uasset" 85
"../../../../../../../new/market/MyProject/Content/StarterContent/Textures/T_Bush_D.uasset" 86
"../../../../../../../new/market/MyProject/Content/StarterContent/Textures/T_Bush_N.uasset" 87
"../../../../../../../new/market/MyProject/Content/StarterContent/Props/Materials/M_Bush.uasset" 88
"../../../../../../../new/market/MyProject/Content/StarterContent/Props/SM_Bush.uasset" 89
"../../../../../../../new/market/MyProject/Content/StarterContent/Textures/T_Chair_M.uasset" 90
"../../../../../../../new/market/MyProject/Content/StarterContent/Textures/T_Chair_N.uasset" 91
"../../../../../../../new/market/MyProject/Content/StarterContent/Props/Materials/M_Chair.uasset" 92
"../../../../../../../new/market/MyProject/Content/StarterContent/Props/SM_Couch.uasset" 93
"../../../../../../../new/market/MyProject/Content/StarterContent/Materials/M_Glass.uasset" 94
"../../../../../../../new/market/MyProject/Content/StarterContent/Textures/T_Door_M.uasset" 95
"../../../../../../../new/market/MyProject/Content/StarterContent/Textures/T_Door_N.uasset" 96
"../../../../../../../new/market/MyProject/Content/StarterContent/Props/Materials/M_Door.uasset" 97
"../../../../../../../new/market/MyProject/Content/StarterContent/Props/SM_Door.uasset" 98
"../../../../../../../new/market/MyProject/Content/StarterContent/Props/Materials/M_MaterialSphere.uasset" 99
"../../../../../../../new/market/MyProject/Content/StarterContent/Props/Materials/M_MaterialSphere_Plain.uasset" 100
"../../../../../../../new/market/MyProject/Content/StarterContent/Props/SM_MatPreviewMesh_02.uasset" 101
"../../../../../../../new/market/MyProject/Content/StarterContent/Textures/T_Detail_Rocky_N.uasset" 102
"../../../../../../../new/market/MyProject/Content/StarterContent/Textures/T_Rock_Basalt_D.uasset" 103
"../../../../../../../new/market/MyProject/Content/StarterContent/Textures/T_RockMesh_M.uasset" 104
"../../../../../../../new/market/MyProject/Content/StarterContent/Textures/T_RockMesh_N.uasset" 105
"../../../../../../../new/market/MyProject/Content/StarterContent/Props/Materials/M_Rock.uasset" 106
"../../../../../../../new/market/MyProject/Content/StarterContent/Props/SM_Rock.uasset" 107
"../../../../../../../new/market/MyProject/Content/StarterContent/Textures/T_Shelf_M.uasset" 108
"../../../../../../../new/market/MyProject/Content/StarterContent/Textures/T_Shelf_N.uasset" 109
"../../../../../../../new/market/MyProject/Content/StarterContent/Props/Materials/M_Shelf.uasset" 110
"../../../../../../../new/market/MyProject/Content/StarterContent/Props/SM_Shelf.uasset" 111
"../../../../../../../new/market/MyProject/Content/StarterContent/Materials/M_Basic_Floor.uasset" 112
"../../../../../../../new/market/MyProject/Content/StarterContent/Props/SM_Stairs.uasset" 113
"../../../../../../../new/market/MyProject/Content/StarterContent/Shapes/Shape_Cone.uasset" 114
"../../../../../../../new/market/MyProject/Content/StarterContent/Shapes/Shape_Cylinder.uasset" 115
"../../../../../../../new/market/MyProject/Content/StarterContent/Shapes/Shape_NarrowCapsule.uasset" 116
"../../../../../../../new/market/MyProject/Content/StarterContent/Shapes/Shape_Pipe.uasset" 117
"../../../../../../../new/market/MyProject/Content/StarterContent/Shapes/Shape_Pipe_180.uasset" 118
"../../../../../../../new/market/MyProject/Content/StarterContent/Shapes/Shape_Pipe_90.uasset" 119
"../../../../../../../new/market/MyProject/Content/StarterContent/Shapes/Shape_Plane.uasset" 120
"../../../../../../../new/market/MyProject/Content/StarterContent/Shapes/Shape_Torus.uasset" 121
"../../../../../../../new/market/MyProject/Content/StarterContent/Shapes/Shape_Trim.uasset" 122
"../../../../../../../new/market/MyProject/Content/StarterContent/Shapes/Shape_Trim_90_In.uasset" 123
"../../../../../../../new/market/MyProject/Content/StarterContent/Shapes/Shape_Trim_90_Out.uasset" 124
"../../../../../../../new/market/MyProject/Content/StarterContent/Shapes/Shape_TriPyramid.uasset" 125
"../../../../../../../new/market/MyProject/Content/StarterContent/Shapes/Shape_Tube.uasset" 126
"../../../../../../../new/market/MyProject/Content/StarterContent/Shapes/Shape_Wedge_A.uasset" 127
"../../../../../../../new/market/MyProject/Content/StarterContent/Shapes/Shape_Wedge_B.uasset" 128
"../../../../../../../new/market/MyProject/Content/StarterContent/Shapes/Shape_WideCapsule.uasset" 129
"../../../Engine/Content/Animation/DefaultAnimCurveCompressionSettings.uasset" 130
"../../../Engine/Content/Functions/Engine_MaterialFunctions01/Opacity/CameraDepthFade.uasset" 131
"../../../Engine/Content/EngineMaterials/T_Default_Material_Grid_M.uasset" 132
"../../../Engine/Content/EngineMaterials/T_Default_Material_Grid_N.uasset" 133
"../../../Engine/Content/EngineMaterials/WorldGridMaterial.uasset" 134
"../../../Engine/Content/ArtTools/RenderToTexture/Meshes/S_1_Unit_Plane.uasset" 135
"../../../Engine/Content/EngineMaterials/DefaultMaterial.uasset" 136
"../../../Engine/Content/BasicShapes/Cone.uasset" 137
"../../../Engine/Content/BasicShapes/Cube.uasset" 138
"../../../Engine/Content/BasicShapes/Cylinder.uasset" 139
"../../../Engine/Content/BasicShapes/Plane.uasset" 140
"../../../Engine/Content/BasicShapes/Sphere.uasset" 141
"../../../Engine/Content/EditorLandscapeResources/DataLayer.uasset" 142
"../../../Engine/Content/EditorMaterials/GizmoMaterial.uasset" 143
"../../../Engine/Content/EditorMaterials/MAT_Groups_Toggle.uasset" 144
"../../../Engine/Content/EditorMaterials/MAT_Groups_Visibility.uasset" 145
"../../../Engine/Content/EditorMaterials/PreviewShadowIndicator.uasset" 146
"../../../Engine/Content/EditorMaterials/PreviewShadowIndicatorMaterial.uasset" 147
"../../../Engine/Content/EditorMaterials/MatineeGroups/MAT_ColorTrack.uasset" 148
"../../../Engine/Content/EditorMaterials/MatineeGroups/MAT_Groups_Anim.uasset" 149
"../../../Engine/Content/EditorMaterials/MatineeGroups/MAT_Groups_AudioMaster.uasset" 150
"../../../Engine/Content/EditorMaterials/MatineeGroups/MAT_Groups_Director.uasset" 151
"../../../Engine/Content/EditorMaterials/MatineeGroups/MAT_Groups_Event.uasset" 152
"../../../Engine/Content/EditorMaterials/MatineeGroups/MAT_Groups_Fade.uasset" 153
"../../../Engine/Content/EditorMaterials/MatineeGroups/MAT_Groups_Float.uasset" 154
"../../../Engine/Content/EditorMaterials/MatineeGroups/MAT_Groups_Move.uasset" 155
"../../../Engine/Content/EditorMaterials/MatineeGroups/MAT_Groups_Slomo.uasset" 156
"../../../Engine/Content/EditorMaterials/MatineeGroups/MAT_Groups_Sound.uasset" 157
"../../../Engine/Content/EditorMaterials/MatineeGroups/MAT_Groups_Vector.uasset" 158
"../../../Engine/Content/EditorMaterials/ParticleSystems/PSysThumbnail_NoImage.uasset" 159
"../../../Engine/Content/EditorMaterials/ParticleSystems/PSysThumbnail_OOD.uasset" 160
"../../../Engine/Content/EditorMaterials/Camera/CineMat.uasset" 161
"../../../Engine/Content/EditorMaterials/Camera/MI_CineMat_Rig.uasset" 162
"../../../Engine/Content/EditorMeshes/Camera/SM_CraneRig_Arm.uasset" 163
"../../../Engine/Content/EditorMeshes/Camera/SM_CraneRig_Base.uasset" 164
"../../../Engine/Content/EditorMeshes/Camera/SM_CraneRig_Body.uasset" 165
"../../../Engine/Content/EditorMeshes/Camera/SM_CraneRig_Mount.uasset" 166
"../../../Engine/Content/EditorMeshes/Camera/SM_RailRig_Mount.uasset" 167
"../../../Engine/Content/EditorMeshes/Camera/SM_RailRig_Track.uasset" 168
"../../../Engine/Content/EditorResources/BSPVertex.uasset" 169
"../../../Engine/Content/EditorResources/EmptyActor.uasset" 170
"../../../Engine/Content/EditorResources/S_Actor.uasset" 171
"../../../Engine/Content/EditorResources/S_Note.uasset" 172
"../../../Engine/Content/EditorResources/S_Solver.uasset" 173
"../../../Engine/Content/EditorResources/S_Trigger.uasset" 174
"../../../Engine/Content/EditorResources/AudioIcons/S_AudioComponent.uasset" 175
"../../../Engine/Content/EditorResources/AudioIcons/S_AudioComponent_AutoActivate.uasset" 176
"../../../Engine/Content/EditorResources/LightIcons/S_LightError.uasset" 177
"../../../Engine/Content/EditorResources/SequenceRecorder/Countdown.uasset" 178
"../../../Engine/Content/EditorResources/SequenceRecorder/RecordingIndicator.uasset" 179
"../../../Engine/Content/EditorSounds/Notifications/CompileFailed.uasset" 180
"../../../Engine/Content/EditorSounds/Notifications/CompileFailed_Cue.uasset" 181
"../../../Engine/Content/EditorSounds/Notifications/CompileSuccess.uasset" 182
"../../../Engine/Content/EditorSounds/Notifications/CompileStart_Cue.uasset" 183
"../../../Engine/Content/EditorSounds/Notifications/CompileSuccess_Cue.uasset" 184
"../../../Engine/Content/EngineDamageTypes/DmgTypeBP_Environmental.uasset" 185
"../../../Engine/Content/EngineDebugMaterials/HeatmapGradient.uasset" 186
"../../../Engine/Content/EngineDebugMaterials/BoneWeightMaterial.uasset" 187
"../../../Engine/Content/EngineDebugMaterials/ClothMaterial.uasset" 188
"../../../Engine/Content/EngineDebugMaterials/ClothMaterial_WF.uasset" 189
"../../../Engine/Content/EngineDebugMaterials/DebugEditorMaterial.uasset" 190
"../../../Engine/Content/EngineDebugMaterials/DebugMeshMaterial.uasset" 191
"../../../Engine/Content/EngineDebugMaterials/GeomMaterial.uasset" 192
"../../../Engine/Content/EngineDebugMaterials/M_SimpleTranslucent.uasset" 193
"../../../Engine/Content/Functions/Engine_MaterialFunctions02/Utility/CameraDirectionVector.uasset" 194
"../../../Engine/Content/EngineDebugMaterials/VolumeToRender.uasset" 195
"../../../Engine/Content/EngineDebugMaterials/M_VolumeRenderSphereTracePP.uasset" 196
"../../../Engine/Content/EngineDebugMaterials/WireframeMaterial.uasset" 197
"../../../Engine/Content/EngineFonts/Faces/RobotoBold.uasset" 198
"../../../Engine/Content/EngineFonts/Faces/RobotoBoldItalic.uasset" 199
"../../../Engine/Content/EngineFonts/Faces/RobotoItalic.uasset" 200
"../../../Engine/Content/EngineFonts/Faces/RobotoLight.uasset" 201
"../../../Engine/Content/EngineFonts/Faces/RobotoRegular.uasset" 202
"../../../Engine/Content/EngineFonts/Roboto.uasset" 203
"../../../Engine/Content/EngineMaterials/BaseFlattenDiffuseMap.uasset" 204
"../../../Engine/Content/EngineMaterials/BaseFlattenEmissiveMap.uasset" 205
"../../../Engine/Content/EngineMaterials/BaseFlattenGrayscaleMap.uasset" 206
"../../../Engine/Content/EngineMaterials/BaseFlattenNormalMap.uasset" 207
"../../../Engine/Content/EngineMaterials/BaseFlattenMaterial.uasset" 208
"../../../Engine/Content/EngineMaterials/BlueNoise.uasset" 209
"../../../Engine/Content/EngineMaterials/DefaultBloomKernel.uasset" 210
"../../../Engine/Content/EngineMaterials/DefaultBokeh.uasset" 211
"../../../Engine/Content/EngineMaterials/DefaultDiffuse.uasset" 212
"../../../Engine/Content/EngineMaterials/DefaultDeferredDecalMaterial.uasset" 213
"../../../Engine/Content/EngineMaterials/DefaultLightFunctionMaterial.uasset" 214
"../../../Engine/Content/EngineMaterials/DefaultPhysicalMaterial.uasset" 215
"../../../Engine/Content/Functions/Engine_MaterialFunctions02/Utility/BreakOutFloat2Components.uasset" 216
"../../../Engine/Content/EngineMaterials/DefaultPostProcessMaterial.uasset" 217
"../../../Engine/Content/EngineFonts/RobotoDistanceField.uasset" 218
"../../../Engine/Content/EngineMaterials/DefaultTextMaterialOpaque.uasset" 219
"../../../Engine/Content/EngineMaterials/DefaultVirtualTextureMaterial.uasset" 220
"../../../Engine/Content/EngineMaterials/DefaultWhiteGrid.uasset" 221
"../../../Engine/Content/EngineMaterials/EditorBrushMaterial.uasset" 222
"../../../Engine/Content/EngineMaterials/DefaultWhiteGrid_Low.uasset" 223
"../../../Engine/Content/EngineMaterials/EmissiveMeshMaterial.uasset" 224
"../../../Engine/Content/EngineMaterials/Good64x64TilingNoiseHighFreq.uasset" 225
"../../../Engine/Content/EngineMaterials/MiniFont.uasset" 226
"../../../Engine/Content/EngineMaterials/InvalidLightmapSettings.uasset" 227
"../../../Engine/Content/EngineMaterials/M_InvalidLightmapSettings.uasset" 228
"../../../Engine/Content/Functions/Engine_MaterialFunctions02/WorldPositionOffset/CameraOffset.uasset" 229
"../../../Engine/Content/EngineMaterials/PhAT_JointLimitMaterial.uasset" 230
"../../../Engine/Content/EngineMaterials/PreintegratedSkinBRDF.uasset" 231
"../../../Engine/Content/EngineMaterials/RemoveSurfaceMaterial.uasset" 232
"../../../Engine/Content/EngineMaterials/WeightMapPlaceholderTexture.uasset" 233
"../../../Engine/Content/EngineResources/WhiteSquareTexture.uasset" 234
"../../../Engine/Content/EngineMaterials/Widget3DPassThrough.uasset" 235
"../../../Engine/Content/EngineMaterials/Widget3DPassThrough_Masked.uasset" 236
"../../../Engine/Content/EngineMaterials/Widget3DPassThrough_Opaque.uasset" 237
"../../../Engine/Content/EngineMaterials/Widget3DPassThrough_Masked_OneSided.uasset" 238
"../../../Engine/Content/EngineMaterials/Widget3DPassThrough_Opaque_OneSided.uasset" 239
"../../../Engine/Content/EngineMaterials/Widget3DPassThrough_Translucent.uasset" 240
"../../../Engine/Content/EngineMaterials/Widget3DPassThrough_Translucent_OneSided.uasset" 241
"../../../Engine/Content/EngineMeshes/Cylinder.uasset" 242
"../../../Engine/Content/EngineMeshes/Sphere.uasset" 243
"../../../Engine/Content/EngineResources/Black.uasset" 244
"../../../Engine/Content/EngineResources/DefaultTexture.uasset" 245
"../../../Engine/Content/EngineResources/DefaultTextureCube.uasset" 246
"../../../Engine/Content/EngineResources/DefaultVolumeTexture2D.uasset" 247
"../../../Engine/Content/EngineResources/DefaultVolumeTexture.uasset" 248
"../../../Engine/Content/EngineResources/GradientTexture0.uasset" 249
"../../../Engine/Content/EngineSounds/Master.uasset" 250
"../../../Engine/Content/Functions/Engine_MaterialFunctions01/Shading/ConvertFromDiffSpec.uasset" 251
"../../../Engine/Content/Functions/Engine_MaterialFunctions01/Shading/PowerToRoughness.uasset" 252
"../../../Engine/Content/Maps/Templates/Thumbnails/Default.uasset" 253
"../../../Engine/Content/Maps/Templates/Thumbnails/VR-Basic.uasset" 254
"../../../Engine/Content/MobileResources/T_MobileControls_texture.uasset" 255
"../../../Engine/Content/MobileResources/T_MobileMenu2.uasset" 256
"../../../Engine/Content/MobileResources/HUD/AnalogHat.uasset" 257
"../../../Engine/Content/MobileResources/HUD/VirtualJoystick_Background.uasset" 258
"../../../Engine/Content/MobileResources/HUD/VirtualJoystick_Thumb.uasset" 259
"../../../Engine/Content/MobileResources/HUD/DefaultVirtualJoysticks.uasset" 260
"../../../Engine/Content/MobileResources/HUD/LeftVirtualJoystickOnly.uasset" 261
"../../../Engine/Content/MobileResources/HUD/MobileHUDButton1_off.uasset" 262
"../../../Engine/Content/MobileResources/HUD/MobileHUDButton1_on.uasset" 263
"../../../Engine/Content/MobileResources/HUD/MobileHUDButton2_off.uasset" 264
"../../../Engine/Content/MobileResources/HUD/MobileHUDButton2_on.uasset" 265
"../../../Engine/Content/MobileResources/HUD/MobileHUDButton3.uasset" 266
"../../../Engine/Content/MobileResources/HUD/MobileHUDButtonFire.uasset" 267
"../../../Engine/Content/MobileResources/HUD/MobileHUDDirectionPad.uasset" 268
"../../../Engine/Content/MobileResources/HUD/MobileHUDDirectionPad2.uasset" 269
"../../../Engine/Content/MobileResources/HUD/MobileHUDDirectionPad3.uasset" 270
"../../../Engine/Content/MobileResources/HUD/MobileHUDDirectionStick.uasset" 271
"../../../Engine/Content/MobileResources/HUD/T_Castle_ThumbstickInner.uasset" 272
"../../../Engine/Content/MobileResources/HUD/T_Castle_ThumbstickOutter.uasset" 273
"../../../Engine/Content/Tutorial/ContentIntroCurve.uasset" 274
"../../../Engine/Content/Tutorial/Basics/LevelEditorAttract.uasset" 275
"../../../Engine/Content/VREditor/LaserPointer/VR_LaserPower_01.uasset" 276
"../../../Engine/Content/VREditor/TransformGizmo/TransformGizmoMaterial.uasset" 277
"../../../Engine/Content/VREditor/TransformGizmo/TranslucentTransformGizmoMaterial.uasset" 278
"../../../Engine/Content/VREditor/TransformGizmo/BoundingBoxCorner.uasset" 279
"../../../Engine/Content/VREditor/TransformGizmo/BoundingBoxEdge.uasset" 280
"../../../Engine/Content/VREditor/TransformGizmo/PlaneTranslationHandle.uasset" 281
"../../../Engine/Content/VREditor/TransformGizmo/Main.uasset" 282
"../../../Engine/Content/VREditor/TransformGizmo/Xray.uasset" 283
"../../../Engine/Content/VREditor/TransformGizmo/SM_Sequencer_Key.uasset" 284
"../../../Engine/Content/VREditor/TransformGizmo/SM_Sequencer_Node.uasset" 285
"../../Plugins/2D/Paper2D/Content/PlaceholderTextures/DummySpriteTexture.uasset" 286
"../../Plugins/2D/Paper2D/Content/DummySprite.uasset" 287
"../../Plugins/2D/Paper2D/Content/DefaultPaperTerrainMaterial.uasset" 288
"../../Plugins/2D/Paper2D/Content/DummySpriteTexture.uasset" 289
"../../Plugins/2D/Paper2D/Content/DefaultSpriteMaterial.uasset" 290
"../../Plugins/2D/Paper2D/Content/MaskedUnlitSpriteMaterial.uasset" 291
"../../Plugins/2D/Paper2D/Content/OpaqueUnlitSpriteMaterial.uasset" 292
"../../Plugins/Runtime/Oculus/OculusVR/Content/OculusMR_RenderTarget.uasset" 293
"../../../Engine/Content/Functions/Engine_MaterialFunctions02/Utility/BreakOutFloat4Components.uasset" 294
"../../../Engine/Content/Functions/Engine_MaterialFunctions02/Utility/MakeFloat2.uasset" 295
"../../../Engine/Content/Functions/Engine_MaterialFunctions02/Utility/MakeFloat3.uasset" 296
"../../Plugins/Runtime/Oculus/OculusVR/Content/Materials/OculusMR_ChromaKey.uasset" 297
"../../Plugins/Runtime/Oculus/OculusVR/Content/Materials/OculusMR_ChromaKey_Lit.uasset" 298
"../../Plugins/Runtime/Oculus/OculusVR/Content/Materials/OculusMR_OpaqueColoredMaterial.uasset" 299
"../../Plugins/Runtime/Oculus/OculusVR/Content/Materials/OculusMR_WhiteMaterial.uasset" 300
"../../../../../../../new/market/MyProject/Content/FirstPerson/Meshes/BaseMaterial.uasset" 301
"../../../../../../../new/market/MyProject/Content/FirstPerson/Meshes/FirstPersonProjectileMaterial.uasset" 302
"../../../../../../../new/market/MyProject/Content/FirstPerson/Meshes/FirstPersonProjectileMesh.uasset" 303
"../../../../../../../new/market/MyProject/Content/FirstPersonBP/Blueprints/FirstPersonProjectile.uasset" 304
"../../../../../../../new/market/MyProject/Content/FirstPerson/Audio/FirstPersonTemplateWeaponFire02.uasset" 305
"../../../../../../../new/market/MyProject/Content/FirstPersonBP/Blueprints/FirstPersonCharacter.uasset" 306
"../../../Engine/Content/EngineSky/C_Sky_Cloud_Color.uasset" 307
"../../../Engine/Content/EngineSky/C_Sky_Horizon_Color.uasset" 308
"../../../Engine/Content/EngineSky/C_Sky_Zenith_Color.uasset" 309
"../../../Engine/Content/EngineSky/T_Sky_Blue.uasset" 310
"../../../Engine/Content/EngineSky/T_Sky_Clouds_M.uasset" 311
"../../../Engine/Content/EngineSky/T_Sky_Stars.uasset" 312
"../../../Engine/Content/EngineSky/M_Sky_Panning_Clouds2.uasset" 313
"../../../Engine/Content/EngineSky/SM_SkySphere.uasset" 314
"../../../Engine/Content/EngineSky/BP_Sky_Sphere.uasset" 315
"../../../../../../../new/market/MyProject/Content/FirstPerson/Textures/FirstPersonCrosshair.uasset" 316
"../../../../../../../new/market/MyProject/Content/FirstPersonBP/Blueprints/FirstPersonHUD.uasset" 317
"../../../../../../../new/market/MyProject/Content/FirstPersonBP/Blueprints/FirstPersonGameMode.uasset" 318
"../../../../../../../new/market/MyProject/Content/FirstPersonBP/Maps/FirstPersonExampleMap_BuiltData.uasset" 319
"../../../../../../../new/market/MyProject/Content/FirstPerson/Meshes/CubeMaterialOverride.uasset" 320
"../../../../../../../new/market/MyProject/Content/Geometry/Meshes/1M_Cube.uasset" 321
"../../../../../../../new/market/MyProject/Content/FirstPersonBP/Maps/FirstPersonExampleMap.umap" 322
"../../../../../../../new/market/MyProject/Content/StarterContent/Blueprints/Assets/FogBrightnessLUT.uasset" 323
"../../../../../../../new/market/MyProject/Content/StarterContent/Blueprints/Assets/SunlightColorLUT.uasset" 324
"../../../../../../../new/market/MyProject/Content/StarterContent/Blueprints/Assets/M_LightStage_Arrows.uasset" 325
"../../../Engine/Content/MapTemplates/Sky/DaylightAmbientCubemap.uasset" 326
"../../../../../../../new/market/MyProject/Content/StarterContent/Blueprints/Assets/M_LightStage_Skybox_Master.uasset" 327
"../../../../../../../new/market/MyProject/Content/StarterContent/Blueprints/Assets/M_LightStage_Skybox_Black.uasset" 328
"../../../../../../../new/market/MyProject/Content/StarterContent/Blueprints/Assets/M_LightStage_Skybox_HDRI.uasset" 329
"../../../Engine/Content/EditorMaterials/Thumbnails/SkySphereMaterial.uasset" 330
"../../../../../../../new/market/MyProject/Content/StarterContent/Blueprints/Assets/Skybox.uasset" 331
"../../../../../../../new/market/MyProject/Content/StarterContent/Blueprints/Assets/SM_Arrows.uasset" 332
"../../../../../../../new/market/MyProject/Content/StarterContent/HDRI/HDRI_Epic_Courtyard_Daylight.uasset" 333
"../../../../../../../new/market/MyProject/Content/StarterContent/Blueprints/BP_LightStudio.uasset" 334
"../../../../../../../new/market/MyProject/Content/StarterContent/Maps/Advanced_Lighting_BuiltData.uasset" 335
"../../../../../../../new/market/MyProject/Content/StarterContent/Materials/M_AssetPlatform.uasset" 336
"../../../Engine/Content/EditorMeshes/ColorCalibrator/M_ChromeBall.uasset" 337
"../../../Engine/Content/EditorMeshes/ColorCalibrator/M_ClearCoat.uasset" 338
"../../../Engine/Content/EditorMeshes/ColorCalibrator/M_ClearCoatBlack.uasset" 339
"../../../Engine/Content/EditorMeshes/ColorCalibrator/Color_checker.uasset" 340
"../../../Engine/Content/EditorMeshes/ColorCalibrator/M_ColorGrid.uasset" 341
"../../../Engine/Content/EditorMeshes/ColorCalibrator/M_GreyBall.uasset" 342
"../../../Engine/Content/EditorMeshes/ColorCalibrator/SM_ColorCalibrator.uasset" 343
"../../../../../../../new/market/MyProject/Content/StarterContent/Architecture/SM_AssetPlatform.uasset" 344
"../../../../../../../new/market/MyProject/Content/StarterContent/Maps/Advanced_Lighting.umap" 345
"../../../../../../../new/market/MyProject/Content/StarterContent/Maps/Minimal_Default_BuiltData.uasset" 346
"../../../../../../../new/market/MyProject/Content/StarterContent/Textures/T_MacroVariation.uasset" 347
"../../../../../../../new/market/MyProject/Content/StarterContent/Materials/M_Metal_Brushed_Nickel.uasset" 348
"../../../../../../../new/market/MyProject/Content/StarterContent/Textures/T_Metal_Aluminum_D.uasset" 349
"../../../../../../../new/market/MyProject/Content/StarterContent/Textures/T_Metal_Gold_N.uasset" 350
"../../../../../../../new/market/MyProject/Content/StarterContent/Materials/M_Metal_Burnished_Steel.uasset" 351
"../../../../../../../new/market/MyProject/Content/StarterContent/Textures/T_Metal_Copper_D.uasset" 352
"../../../../../../../new/market/MyProject/Content/StarterContent/Materials/M_Metal_Copper.uasset" 353
"../../../../../../../new/market/MyProject/Content/StarterContent/Textures/T_Statue_M.uasset" 354
"../../../../../../../new/market/MyProject/Content/StarterContent/Textures/T_Statue_N.uasset" 355
"../../../../../../../new/market/MyProject/Content/StarterContent/Props/Materials/M_StatueGlass.uasset" 356
"../../../../../../../new/market/MyProject/Content/StarterContent/Architecture/Floor_400x400.uasset" 357
"../../../../../../../new/market/MyProject/Content/StarterContent/Audio/Starter_Background_Cue.uasset" 358
"../../../../../../../new/market/MyProject/Content/StarterContent/Props/SM_Chair.uasset" 359
"../../../../../../../new/market/MyProject/Content/StarterContent/Props/Materials/M_Statue.uasset" 360
"../../../../../../../new/market/MyProject/Content/StarterContent/Props/SM_Statue.uasset" 361
"../../../../../../../new/market/MyProject/Content/StarterContent/Textures/T_TableRound_M.uasset" 362
"../../../../../../../new/market/MyProject/Content/StarterContent/Textures/T_TableRound_N.uasset" 363
"../../../../../../../new/market/MyProject/Content/StarterContent/Props/Materials/M_TableRound.uasset" 364
"../../../../../../../new/market/MyProject/Content/StarterContent/Props/SM_TableRound.uasset" 365
"../../../../../../../new/market/MyProject/Content/StarterContent/Maps/Minimal_Default.umap" 366
"../../../../../../../new/market/MyProject/Content/StarterContent/Audio/Fire01_Cue.uasset" 367
"../../../../../../../new/market/MyProject/Content/StarterContent/Textures/T_Fire_SubUV.uasset" 368
"../../../../../../../new/market/MyProject/Content/StarterContent/Textures/T_Fire_Tiled_D.uasset" 369
"../../../../../../../new/market/MyProject/Content/StarterContent/Particles/Materials/M_Fire_SubUV.uasset" 370
"../../../../../../../new/market/MyProject/Content/StarterContent/Textures/T_Water_N.uasset" 371
"../../../../../../../new/market/MyProject/Content/StarterContent/Particles/Materials/M_Heat_Distortion.uasset" 372
"../../../../../../../new/market/MyProject/Content/StarterContent/Particles/Materials/M_Radial_Gradient.uasset" 373
"../../../../../../../new/market/MyProject/Content/StarterContent/Particles/P_Fire.uasset" 374
"../../../../../../../new/market/MyProject/Content/StarterContent/Blueprints/Blueprint_Effect_Fire.uasset" 375
"../../../../../../../new/market/MyProject/Content/StarterContent/Audio/Smoke01_Cue.uasset" 376
"../../../../../../../new/market/MyProject/Content/StarterContent/Particles/P_Smoke.uasset" 377
"../../../../../../../new/market/MyProject/Content/StarterContent/Blueprints/Blueprint_Effect_Smoke.uasset" 378
"../../../../../../../new/market/MyProject/Content/StarterContent/Audio/Fire_Sparks01_Cue.uasset" 379
"../../../../../../../new/market/MyProject/Content/StarterContent/Textures/T_Spark_Core.uasset" 380
"../../../../../../../new/market/MyProject/Content/StarterContent/Particles/Materials/M_Spark.uasset" 381
"../../../../../../../new/market/MyProject/Content/StarterContent/Particles/P_Sparks.uasset" 382
"../../../../../../../new/market/MyProject/Content/StarterContent/Blueprints/Blueprint_Effect_Sparks.uasset" 383
"../../../../../../../new/market/MyProject/Content/StarterContent/Audio/Steam01_Cue.uasset" 384
"../../../../../../../new/market/MyProject/Content/StarterContent/Particles/P_Steam_Lit.uasset" 385
"../../../../../../../new/market/MyProject/Content/StarterContent/Blueprints/Blueprint_Effect_Steam.uasset" 386
"../../../../../../../new/market/MyProject/Content/StarterContent/Textures/T_Lamp_M.uasset" 387
"../../../../../../../new/market/MyProject/Content/StarterContent/Textures/T_Lamp_N.uasset" 388
"../../../../../../../new/market/MyProject/Content/StarterContent/Props/Materials/M_Lamp.uasset" 389
"../../../../../../../new/market/MyProject/Content/StarterContent/Props/SM_Lamp_Ceiling.uasset" 390
"../../../../../../../new/market/MyProject/Content/StarterContent/Blueprints/Blueprint_CeilingLight.uasset" 391
"../../../../../../../new/market/MyProject/Content/StarterContent/Props/SM_Lamp_Wall.uasset" 392
"../../../../../../../new/market/MyProject/Content/StarterContent/Blueprints/Blueprint_WallSconce.uasset" 393
"../../../../../../../new/market/MyProject/Content/StarterContent/Maps/StarterMap_BuiltData.uasset" 394
"../../../Engine/Content/Functions/Engine_MaterialFunctions03/Procedurals/ComputeFilterWidth.uasset" 395
"../../../Engine/Content/EngineMaterials/AntiAliasedTextMaterialTranslucent.uasset" 396
"../../../../../../../new/market/MyProject/Content/StarterContent/Textures/T_Brick_Clay_Beveled_D.uasset" 397
"../../../../../../../new/market/MyProject/Content/StarterContent/Textures/T_Brick_Clay_Beveled_M.uasset" 398
"../../../../../../../new/market/MyProject/Content/StarterContent/Textures/T_Brick_Clay_Beveled_N.uasset" 399
"../../../../../../../new/market/MyProject/Content/StarterContent/Materials/M_Brick_Clay_Beveled.uasset" 400
"../../../../../../../new/market/MyProject/Content/StarterContent/Textures/T_Brick_Clay_New_D.uasset" 401
"../../../../../../../new/market/MyProject/Content/StarterContent/Textures/T_Brick_Clay_New_M.uasset" 402
"../../../../../../../new/market/MyProject/Content/StarterContent/Textures/T_Brick_Clay_New_N.uasset" 403
"../../../../../../../new/market/MyProject/Content/StarterContent/Materials/M_Brick_Clay_New.uasset" 404
"../../../../../../../new/market/MyProject/Content/StarterContent/Textures/T_Brick_Clay_Old_D.uasset" 405
"../../../../../../../new/market/MyProject/Content/StarterContent/Textures/T_Brick_Clay_Old_N.uasset" 406
"../../../../../../../new/market/MyProject/Content/StarterContent/Textures/T_Perlin_Noise_M.uasset" 407
"../../../../../../../new/market/MyProject/Content/StarterContent/Materials/M_Brick_Clay_Old.uasset" 408
"../../../../../../../new/market/MyProject/Content/StarterContent/Textures/T_Brick_Cut_Stone_D.uasset" 409
"../../../../../../../new/market/MyProject/Content/StarterContent/Textures/T_Brick_Cut_Stone_N.uasset" 410
"../../../../../../../new/market/MyProject/Content/StarterContent/Materials/M_Brick_Cut_Stone.uasset" 411
"../../../../../../../new/market/MyProject/Content/StarterContent/Textures/T_Brick_Hewn_Stone_D.uasset" 412
"../../../../../../../new/market/MyProject/Content/StarterContent/Textures/T_Brick_Hewn_Stone_M.uasset" 413
"../../../../../../../new/market/MyProject/Content/StarterContent/Textures/T_Brick_Hewn_Stone_N.uasset" 414
"../../../../../../../new/market/MyProject/Content/StarterContent/Materials/M_Brick_Hewn_Stone.uasset" 415
"../../../../../../../new/market/MyProject/Content/StarterContent/Textures/T_Ceramic_Tile_M.uasset" 416
"../../../../../../../new/market/MyProject/Content/StarterContent/Textures/T_Ceramic_Tile_N.uasset" 417
"../../../../../../../new/market/MyProject/Content/StarterContent/Textures/T_Rock_Marble_Polished_D.uasset" 418
"../../../../../../../new/market/MyProject/Content/StarterContent/Materials/M_Ceramic_Tile_Checker.uasset" 419
"../../../../../../../new/market/MyProject/Content/StarterContent/Textures/T_CobbleStone_Pebble_D.uasset" 420
"../../../../../../../new/market/MyProject/Content/StarterContent/Textures/T_CobbleStone_Pebble_M.uasset" 421
"../../../../../../../new/market/MyProject/Content/StarterContent/Textures/T_CobbleStone_Pebble_N.uasset" 422
"../../../../../../../new/market/MyProject/Content/StarterContent/Materials/M_CobbleStone_Pebble.uasset" 423
"../../../../../../../new/market/MyProject/Content/StarterContent/Textures/T_CobbleStone_Rough_D.uasset" 424
"../../../../../../../new/market/MyProject/Content/StarterContent/Textures/T_CobbleStone_Rough_N.uasset" 425
"../../../../../../../new/market/MyProject/Content/StarterContent/Textures/T_Gradinet_01.uasset" 426
"../../../../../../../new/market/MyProject/Content/StarterContent/Textures/T_Rock_Smooth_Granite_D.uasset" 427
"../../../../../../../new/market/MyProject/Content/StarterContent/Materials/M_CobbleStone_Rough.uasset" 428
"../../../../../../../new/market/MyProject/Content/StarterContent/Textures/T_CobbleStone_Smooth_D.uasset" 429
"../../../../../../../new/market/MyProject/Content/StarterContent/Textures/T_CobbleStone_Smooth_M.uasset" 430
"../../../../../../../new/market/MyProject/Content/StarterContent/Textures/T_CobbleStone_Smooth_N.uasset" 431
"../../../../../../../new/market/MyProject/Content/StarterContent/Materials/M_CobbleStone_Smooth.uasset" 432
"../../../../../../../new/market/MyProject/Content/StarterContent/Textures/T_Concrete_Grime_D.uasset" 433
"../../../../../../../new/market/MyProject/Content/StarterContent/Textures/T_Metal_Rust_N.uasset" 434
"../../../../../../../new/market/MyProject/Content/StarterContent/Materials/M_Concrete_Grime.uasset" 435
"../../../../../../../new/market/MyProject/Content/StarterContent/Textures/T_Concrete_Panels_D.uasset" 436
"../../../../../../../new/market/MyProject/Content/StarterContent/Textures/T_Concrete_Panels_N.uasset" 437
"../../../../../../../new/market/MyProject/Content/StarterContent/Materials/M_Concrete_Panels.uasset" 438
"../../../../../../../new/market/MyProject/Content/StarterContent/Textures/T_Concrete_Poured_D.uasset" 439
"../../../../../../../new/market/MyProject/Content/StarterContent/Textures/T_Concrete_Poured_N.uasset" 440
"../../../../../../../new/market/MyProject/Content/StarterContent/Materials/M_Concrete_Poured.uasset" 441
"../../../../../../../new/market/MyProject/Content/StarterContent/Textures/T_Concrete_Tiles_D.uasset" 442
"../../../../../../../new/market/MyProject/Content/StarterContent/Textures/T_Concrete_Tiles_M.uasset" 443
"../../../../../../../new/market/MyProject/Content/StarterContent/Textures/T_Concrete_Tiles_N.uasset" 444
"../../../../../../../new/market/MyProject/Content/StarterContent/Textures/T_Concrete_Tiles_Variation_M.uasset" 445
"../../../../../../../new/market/MyProject/Content/StarterContent/Materials/M_Concrete_Tiles.uasset" 446
"../../../../../../../new/market/MyProject/Content/StarterContent/Textures/T_Ground_Grass_D.uasset" 447
"../../../../../../../new/market/MyProject/Content/StarterContent/Textures/T_Ground_Grass_N.uasset" 448
"../../../../../../../new/market/MyProject/Content/StarterContent/Materials/M_Ground_Grass.uasset" 449
"../../../../../../../new/market/MyProject/Content/StarterContent/Textures/T_Ground_Gravel_D.uasset" 450
"../../../../../../../new/market/MyProject/Content/StarterContent/Textures/T_Ground_Gravel_N.uasset" 451
"../../../../../../../new/market/MyProject/Content/StarterContent/Materials/M_Ground_Gravel.uasset" 452
"../../../../../../../new/market/MyProject/Content/StarterContent/Textures/T_ground_Moss_D.uasset" 453
"../../../../../../../new/market/MyProject/Content/StarterContent/Textures/T_Ground_Moss_N.uasset" 454
"../../../../../../../new/market/MyProject/Content/StarterContent/Materials/M_Ground_Moss.uasset" 455
"../../../../../../../new/market/MyProject/Content/StarterContent/Materials/M_Metal_Chrome.uasset" 456
"../../../../../../../new/market/MyProject/Content/StarterContent/Textures/T_Metal_Gold_D.uasset" 457
"../../../../../../../new/market/MyProject/Content/StarterContent/Materials/M_Metal_Gold.uasset" 458
"../../../../../../../new/market/MyProject/Content/StarterContent/Textures/T_Metal_Rust_D.uasset" 459
"../../../../../../../new/market/MyProject/Content/StarterContent/Materials/M_Metal_Rust.uasset" 460
"../../../../../../../new/market/MyProject/Content/StarterContent/Textures/T_Metal_Steel_D.uasset" 461
"../../../../../../../new/market/MyProject/Content/StarterContent/Textures/T_Metal_Steel_N.uasset" 462
"../../../../../../../new/market/MyProject/Content/StarterContent/Materials/M_Metal_Steel.uasset" 463
"../../../../../../../new/market/MyProject/Content/StarterContent/Textures/T_Rock_Basalt_N.uasset" 464
"../../../../../../../new/market/MyProject/Content/StarterContent/Materials/M_Rock_Basalt.uasset" 465
"../../../../../../../new/market/MyProject/Content/StarterContent/Materials/M_Rock_Marble_Polished.uasset" 466
"../../../../../../../new/market/MyProject/Content/StarterContent/Textures/T_Rock_Sandstone_D.uasset" 467
"../../../../../../../new/market/MyProject/Content/StarterContent/Textures/T_Rock_Sandstone_N.uasset" 468
"../../../../../../../new/market/MyProject/Content/StarterContent/Materials/M_Rock_Sandstone.uasset" 469
"../../../../../../../new/market/MyProject/Content/StarterContent/Textures/T_Rock_Slate_D.uasset" 470
"../../../../../../../new/market/MyProject/Content/StarterContent/Textures/T_Rock_Slate_N.uasset" 471
"../../../../../../../new/market/MyProject/Content/StarterContent/Materials/M_Rock_Slate.uasset" 472
"../../../../../../../new/market/MyProject/Content/StarterContent/Textures/T_Checker_Noise_M.uasset" 473
"../../../../../../../new/market/MyProject/Content/StarterContent/Textures/T_Single_Tile_N.uasset" 474
"../../../../../../../new/market/MyProject/Content/StarterContent/Textures/T_Tech_Dot_M.uasset" 475
"../../../../../../../new/market/MyProject/Content/StarterContent/Textures/T_Tech_Dot_N.uasset" 476
"../../../../../../../new/market/MyProject/Content/StarterContent/Materials/M_Tech_Checker_Dot.uasset" 477
"../../../../../../../new/market/MyProject/Content/StarterContent/Textures/T_Tech_Hex_Tile_M.uasset" 478
"../../../../../../../new/market/MyProject/Content/StarterContent/Textures/T_Tech_Hex_Tile_N.uasset" 479
"../../../../../../../new/market/MyProject/Content/StarterContent/Materials/M_Tech_Hex_Tile.uasset" 480
"../../../../../../../new/market/MyProject/Content/StarterContent/Materials/M_Tech_Hex_Tile_Pulse.uasset" 481
"../../../../../../../new/market/MyProject/Content/StarterContent/Textures/T_Tech_Panel_M.uasset" 482
"../../../../../../../new/market/MyProject/Content/StarterContent/Textures/T_Tech_Panel_N.uasset" 483
"../../../../../../../new/market/MyProject/Content/StarterContent/Materials/M_Tech_Panel.uasset" 484
"../../../../../../../new/market/MyProject/Content/StarterContent/Materials/M_Water_Lake.uasset" 485
"../../../../../../../new/market/MyProject/Content/StarterContent/Textures/T_Water_M.uasset" 486
"../../../../../../../new/market/MyProject/Content/StarterContent/Materials/M_Water_Ocean.uasset" 487
"../../../../../../../new/market/MyProject/Content/StarterContent/Textures/T_Wood_Floor_Walnut_D.uasset" 488
"../../../../../../../new/market/MyProject/Content/StarterContent/Textures/T_Wood_Floor_Walnut_M.uasset" 489
"../../../../../../../new/market/MyProject/Content/StarterContent/Textures/T_Wood_Floor_Walnut_N.uasset" 490
"../../../../../../../new/market/MyProject/Content/StarterContent/Materials/M_Wood_Floor_Walnut_Polished.uasset" 491
"../../../Engine/Content/Functions/Engine_MaterialFunctions01/Opacity/AlphaOffset.uasset" 492
"../../../../../../../new/market/MyProject/Content/StarterContent/Materials/M_Wood_Floor_Walnut_Worn.uasset" 493
"../../../../../../../new/market/MyProject/Content/StarterContent/Textures/T_Wood_Oak_D.uasset" 494
"../../../../../../../new/market/MyProject/Content/StarterContent/Textures/T_Wood_Oak_N.uasset" 495
"../../../../../../../new/market/MyProject/Content/StarterContent/Materials/M_Wood_Oak.uasset" 496
"../../../../../../../new/market/MyProject/Content/StarterContent/Textures/T_Wood_Pine_D.uasset" 497
"../../../../../../../new/market/MyProject/Content/StarterContent/Textures/T_Wood_Pine_N.uasset" 498
"../../../../../../../new/market/MyProject/Content/StarterContent/Materials/M_Wood_Pine.uasset" 499
"../../../../../../../new/market/MyProject/Content/StarterContent/Textures/T_Wood_Walnut_D.uasset" 500
"../../../../../../../new/market/MyProject/Content/StarterContent/Textures/T_Wood_Walnut_N.uasset" 501
"../../../../../../../new/market/MyProject/Content/StarterContent/Materials/M_Wood_Walnut.uasset" 502
"../../../../../../../new/market/MyProject/Content/StarterContent/Architecture/Wall_400x200.uasset" 503
"../../../../../../../new/market/MyProject/Content/StarterContent/Architecture/Wall_Door_400x300.uasset" 504
"../../../../../../../new/market/MyProject/Content/StarterContent/Architecture/Wall_Window_400x300.uasset" 505
"../../../../../../../new/market/MyProject/Content/StarterContent/Audio/Collapse_Cue.uasset" 506
"../../../../../../../new/market/MyProject/Content/StarterContent/Audio/Starter_Music_Cue.uasset" 507
"../../../../../../../new/market/MyProject/Content/StarterContent/Textures/T_Dust_Particle_D.uasset" 508
"../../../../../../../new/market/MyProject/Content/StarterContent/Particles/Materials/M_Dust_Particle.uasset" 509
"../../../../../../../new/market/MyProject/Content/StarterContent/Particles/P_Ambient_Dust.uasset" 510
"../../../../../../../new/market/MyProject/Content/StarterContent/Props/MaterialSphere.uasset" 511
"../../../../../../../new/market/MyProject/Content/StarterContent/Textures/T_Frame_M.uasset" 512
"../../../../../../../new/market/MyProject/Content/StarterContent/Textures/T_Frame_N.uasset" 513
"../../../../../../../new/market/MyProject/Content/StarterContent/Props/Materials/M_Frame.uasset" 514
"../../../../../../../new/market/MyProject/Content/StarterContent/Props/SM_CornerFrame.uasset" 515
"../../../../../../../new/market/MyProject/Content/StarterContent/Props/SM_DoorFrame.uasset" 516
"../../../../../../../new/market/MyProject/Content/StarterContent/Props/SM_GlassWindow.uasset" 517
"../../../../../../../new/market/MyProject/Content/StarterContent/Props/SM_PillarFrame.uasset" 518
"../../../../../../../new/market/MyProject/Content/StarterContent/Props/SM_PillarFrame300.uasset" 519
"../../../../../../../new/market/MyProject/Content/StarterContent/Props/SM_WindowFrame.uasset" 520
"../../../../../../../new/market/MyProject/Content/StarterContent/Shapes/Shape_Cube.uasset" 521
"../../../../../../../new/market/MyProject/Content/StarterContent/Shapes/Shape_QuadPyramid.uasset" 522
"../../../../../../../new/market/MyProject/Content/StarterContent/Shapes/Shape_Sphere.uasset" 523
"../../../../../../../new/market/MyProject/Content/StarterContent/Maps/StarterMap.umap" 524
"../../../Engine/Content/Maps/Entry_BuiltData.uasset" 525
"../../../Engine/Content/Maps/Entry.umap" 526
